<?xml version="1.0" encoding="UTF-8"?>
<coverage generated="1565697414727" clover="3.2.0">
  <project timestamp="1565697414728" name="All files">
    <metrics statements="10" coveredstatements="10" conditionals="6" coveredconditionals="5" methods="5" coveredmethods="5" elements="21" coveredelements="20" complexity="0" loc="10" ncloc="10" packages="3" files="3" classes="3"/>
    <package name="qa-tools-app">
      <metrics statements="3" coveredstatements="3" conditionals="0" coveredconditionals="0" methods="1" coveredmethods="1"/>
      <file name="App.tsx" path="/Users/feracode/Repos/qa-tools/qa-tools-app/App.tsx">
        <metrics statements="3" coveredstatements="3" conditionals="0" coveredconditionals="0" methods="1" coveredmethods="1"/>
        <line num="11" count="1" type="stmt"/>
        <line num="34" count="1" type="stmt"/>
        <line num="35" count="1" type="stmt"/>
      </file>
    </package>
    <package name="qa-tools-app.src.components">
      <metrics statements="0" coveredstatements="0" conditionals="0" coveredconditionals="0" methods="0" coveredmethods="0"/>
      <file name="index.ts" path="/Users/feracode/Repos/qa-tools/qa-tools-app/src/components/index.ts">
        <metrics statements="0" coveredstatements="0" conditionals="0" coveredconditionals="0" methods="0" coveredmethods="0"/>
      </file>
    </package>
    <package name="qa-tools-app.src.components.Button">
      <metrics statements="7" coveredstatements="7" conditionals="6" coveredconditionals="5" methods="4" coveredmethods="4"/>
      <file name="index.tsx" path="/Users/feracode/Repos/qa-tools/qa-tools-app/src/components/Button/index.tsx">
        <metrics statements="7" coveredstatements="7" conditionals="6" coveredconditionals="5" methods="4" coveredmethods="4"/>
        <line num="20" count="1" type="stmt"/>
        <line num="24" count="1" type="cond" truecount="2" falsecount="0"/>
        <line num="25" count="1" type="cond" truecount="1" falsecount="1"/>
        <line num="30" count="1" type="stmt"/>
        <line num="31" count="1" type="cond" truecount="2" falsecount="0"/>
        <line num="35" count="1" type="stmt"/>
        <line num="41" count="1" type="stmt"/>
      </file>
    </package>
  </project>
</coverage>
