{"/Users/feracode/Repos/qa-tools/qa-tools-app/App.tsx": {"path":"/Users/feracode/Repos/qa-tools/qa-tools-app/App.tsx","statementMap":{"0":{"start":{"line":11,"column":15},"end":{"line":32,"column":2}},"1":{"start":{"line":34,"column":12},"end":{"line":48,"column":1}},"2":{"start":{"line":35,"column":2},"end":{"line":47,"column":9}}},"fnMap":{"0":{"name":"(anonymous_0)","decl":{"start":{"line":34,"column":12},"end":{"line":34,"column":13}},"loc":{"start":{"line":35,"column":2},"end":{"line":47,"column":9}},"line":35}},"branchMap":{},"s":{"0":1,"1":1,"2":1},"f":{"0":1},"b":{},"_coverageSchema":"43e27e138ebf9cfc5966b082cf9a028302ed4184","hash":"c5cca4b8b15dfd83af376d34900ebd3e84062f91"}
,"/Users/feracode/Repos/qa-tools/qa-tools-app/src/components/index.ts": {"path":"/Users/feracode/Repos/qa-tools/qa-tools-app/src/components/index.ts","statementMap":{},"fnMap":{},"branchMap":{},"s":{},"f":{},"b":{},"_coverageSchema":"43e27e138ebf9cfc5966b082cf9a028302ed4184","hash":"5b0fb60d863b769dac3c8d4d9a7d6016551e6533"}
,"/Users/feracode/Repos/qa-tools/qa-tools-app/src/components/Button/index.tsx": {"path":"/Users/feracode/Repos/qa-tools/qa-tools-app/src/components/Button/index.tsx","statementMap":{"0":{"start":{"line":20,"column":24},"end":{"line":28,"column":1}},"1":{"start":{"line":24,"column":63},"end":{"line":24,"column":89}},"2":{"start":{"line":25,"column":50},"end":{"line":25,"column":71}},"3":{"start":{"line":30,"column":19},"end":{"line":33,"column":1}},"4":{"start":{"line":31,"column":37},"end":{"line":31,"column":53}},"5":{"start":{"line":35,"column":15},"end":{"line":48,"column":1}},"6":{"start":{"line":41,"column":2},"end":{"line":47,"column":20}}},"fnMap":{"0":{"name":"(anonymous_0)","decl":{"start":{"line":24,"column":22},"end":{"line":24,"column":23}},"loc":{"start":{"line":24,"column":63},"end":{"line":24,"column":89}},"line":24},"1":{"name":"(anonymous_1)","decl":{"start":{"line":25,"column":19},"end":{"line":25,"column":20}},"loc":{"start":{"line":25,"column":50},"end":{"line":25,"column":71}},"line":25},"2":{"name":"(anonymous_2)","decl":{"start":{"line":31,"column":11},"end":{"line":31,"column":12}},"loc":{"start":{"line":31,"column":37},"end":{"line":31,"column":53}},"line":31},"3":{"name":"(anonymous_3)","decl":{"start":{"line":35,"column":15},"end":{"line":35,"column":16}},"loc":{"start":{"line":41,"column":2},"end":{"line":47,"column":20}},"line":41}},"branchMap":{"0":{"loc":{"start":{"line":24,"column":63},"end":{"line":24,"column":89}},"type":"binary-expr","locations":[{"start":{"line":24,"column":63},"end":{"line":24,"column":78}},{"start":{"line":24,"column":82},"end":{"line":24,"column":89}}],"line":24},"1":{"loc":{"start":{"line":25,"column":53},"end":{"line":25,"column":67}},"type":"cond-expr","locations":[{"start":{"line":25,"column":61},"end":{"line":25,"column":63}},{"start":{"line":25,"column":66},"end":{"line":25,"column":67}}],"line":25},"2":{"loc":{"start":{"line":31,"column":37},"end":{"line":31,"column":53}},"type":"binary-expr","locations":[{"start":{"line":31,"column":37},"end":{"line":31,"column":42}},{"start":{"line":31,"column":46},"end":{"line":31,"column":53}}],"line":31}},"s":{"0":1,"1":1,"2":1,"3":1,"4":1,"5":1,"6":1},"f":{"0":1,"1":1,"2":1,"3":1},"b":{"0":[1,1],"1":[1,0],"2":[1,1]},"_coverageSchema":"43e27e138ebf9cfc5966b082cf9a028302ed4184","hash":"86ae34b8169308364fb77754803da74d9a644851"}
}
